[2023-08-28 22:32:24.598]	INFO	D:/GoProjects/src/Lesson/InstantMessaging/boot/logger.go:86	initialize logger successfully!
[2023-08-28 22:35:49.342]	INFO	D:/GoProjects/src/Lesson/InstantMessaging/boot/logger.go:86	initialize logger successfully!
[2023-08-28 22:49:21.138]	INFO	D:/GoProjects/src/Lesson/InstantMessaging/boot/logger.go:86	initialize logger successfully!
[2023-08-28 22:53:50.210]	INFO	D:/GoProjects/src/Lesson/InstantMessaging/boot/logger.go:86	initialize logger successfully!
[2023-08-28 22:54:54.240]	INFO	D:/GoProjects/src/Lesson/InstantMessaging/boot/logger.go:86	initialize logger successfully!
[2023-08-28 23:02:49.898]	INFO	D:/GoProjects/src/Lesson/InstantMessaging/boot/logger.go:86	initialize logger successfully!
[2023-08-29 21:28:40.527]	INFO	D:/GoProjects/src/Lesson/InstantMessaging/boot/logger.go:86	initialize logger successfully!
[2023-08-29 22:27:50.706]	INFO	D:/GoProjects/src/Lesson/InstantMessaging/boot/logger.go:86	initialize logger successfully!
[2023-08-30 16:44:29.526]	INFO	D:/GoProjects/src/Lesson/InstantMessaging/boot/logger.go:86	initialize logger successfully!
[2023-08-30 17:09:53.887]	INFO	D:/GoProjects/src/Lesson/InstantMessaging/boot/logger.go:86	initialize logger successfully!
[2023-08-30 20:50:29.140]	INFO	D:/GoProjects/src/Lesson/InstantMessaging/boot/logger.go:86	initialize logger successfully!
[2023-08-30 20:55:25.032]	INFO	D:/GoProjects/src/Lesson/InstantMessaging/boot/logger.go:86	initialize logger successfully!
[2023-08-30 21:18:51.949]	INFO	D:/GoProjects/src/Lesson/InstantMessaging/boot/logger.go:86	initialize logger successfully!
[2023-08-30 21:35:07.396]	INFO	D:/GoProjects/src/Lesson/InstantMessaging/boot/logger.go:86	initialize logger successfully!
[2023-08-30 21:38:49.525]	INFO	D:/GoProjects/src/Lesson/InstantMessaging/boot/logger.go:86	initialize logger successfully!
[2023-08-30 21:41:54.684]	INFO	D:/GoProjects/src/Lesson/InstantMessaging/boot/logger.go:86	initialize logger successfully!
[2023-08-30 22:14:01.356]	INFO	D:/GoProjects/src/Lesson/InstantMessaging/boot/logger.go:86	initialize logger successfully!
[2023-08-30 22:26:33.146]	INFO	D:/GoProjects/src/Lesson/InstantMessaging/boot/logger.go:86	initialize logger successfully!
[2023-08-30 22:37:50.951]	INFO	D:/GoProjects/src/Lesson/InstantMessaging/boot/logger.go:86	initialize logger successfully!
[2023-08-30 22:54:19.009]	INFO	D:/GoProjects/src/Lesson/InstantMessaging/boot/logger.go:86	initialize logger successfully!
[2023-08-30 22:56:55.060]	INFO	D:/GoProjects/src/Lesson/InstantMessaging/boot/logger.go:86	initialize logger successfully!
[2023-08-30 23:05:25.086]	INFO	D:/GoProjects/src/Lesson/InstantMessaging/boot/logger.go:86	initialize logger successfully!
[2023-08-30 23:09:34.825]	INFO	D:/GoProjects/src/Lesson/InstantMessaging/boot/logger.go:86	initialize logger successfully!
[2023-08-30 23:14:22.772]	INFO	D:/GoProjects/src/Lesson/InstantMessaging/boot/logger.go:86	initialize logger successfully!
[2023-08-30 23:18:12.101]	INFO	D:/GoProjects/src/Lesson/InstantMessaging/boot/logger.go:86	initialize logger successfully!
[2023-08-30 23:22:03.458]	INFO	D:/GoProjects/src/Lesson/InstantMessaging/boot/logger.go:86	initialize logger successfully!
[2023-08-30 23:30:55.504]	INFO	D:/GoProjects/src/Lesson/InstantMessaging/boot/logger.go:86	initialize logger successfully!
[2023-08-30 23:40:38.330]	INFO	D:/GoProjects/src/Lesson/InstantMessaging/boot/logger.go:86	initialize logger successfully!
[2023-08-30 23:45:54.907]	INFO	D:/GoProjects/src/Lesson/InstantMessaging/boot/logger.go:86	initialize logger successfully!
[2023-08-30 23:51:36.640]	INFO	D:/GoProjects/src/Lesson/InstantMessaging/boot/logger.go:86	initialize logger successfully!
[2023-08-30 23:58:26.018]	INFO	D:/GoProjects/src/Lesson/InstantMessaging/boot/logger.go:86	initialize logger successfully!
[2023-08-31 00:07:23.383]	INFO	D:/GoProjects/src/Lesson/InstantMessaging/boot/logger.go:86	initialize logger successfully!
[2023-08-31 00:13:18.952]	INFO	D:/GoProjects/src/Lesson/InstantMessaging/boot/logger.go:86	initialize logger successfully!
[2023-08-31 00:14:15.877]	INFO	D:/GoProjects/src/Lesson/InstantMessaging/boot/logger.go:86	initialize logger successfully!
[2023-08-31 00:15:51.551]	INFO	D:/GoProjects/src/Lesson/InstantMessaging/boot/logger.go:86	initialize logger successfully!
[2023-08-31 00:28:05.772]	INFO	D:/GoProjects/src/Lesson/InstantMessaging/boot/logger.go:86	initialize logger successfully!
[2023-08-31 00:31:38.245]	INFO	D:/GoProjects/src/Lesson/InstantMessaging/boot/logger.go:86	initialize logger successfully!
[2023-08-31 01:01:34.196]	INFO	D:/GoProjects/src/Lesson/InstantMessaging/boot/logger.go:86	initialize logger successfully!
[2023-08-31 01:04:51.185]	INFO	D:/GoProjects/src/Lesson/InstantMessaging/boot/logger.go:86	initialize logger successfully!
[2023-08-31 01:09:59.830]	INFO	D:/GoProjects/src/Lesson/InstantMessaging/boot/logger.go:86	initialize logger successfully!
[2023-08-31 01:13:21.601]	INFO	D:/GoProjects/src/Lesson/InstantMessaging/boot/logger.go:86	initialize logger successfully!
[2023-08-31 01:13:46.088]	INFO	D:/GoProjects/src/Lesson/InstantMessaging/boot/logger.go:86	initialize logger successfully!
[2023-08-31 01:14:10.932]	INFO	D:/GoProjects/src/Lesson/InstantMessaging/boot/logger.go:86	initialize logger successfully!
[2023-08-31 01:14:33.457]	INFO	D:/GoProjects/src/Lesson/InstantMessaging/boot/logger.go:86	initialize logger successfully!
[2023-08-31 01:15:09.006]	INFO	D:/GoProjects/src/Lesson/InstantMessaging/boot/logger.go:86	initialize logger successfully!
[2023-08-31 01:28:37.285]	INFO	D:/GoProjects/src/Lesson/InstantMessaging/boot/logger.go:86	initialize logger successfully!
[2023-08-31 01:30:54.890]	INFO	D:/GoProjects/src/Lesson/InstantMessaging/boot/logger.go:86	initialize logger successfully!
[2023-08-31 01:31:43.298]	INFO	D:/GoProjects/src/Lesson/InstantMessaging/boot/logger.go:86	initialize logger successfully!
[2023-08-31 14:37:05.669]	INFO	D:/GoProjects/src/Lesson/InstantMessaging/boot/logger.go:86	initialize logger successfully!
[2023-08-31 14:38:45.836]	INFO	D:/GoProjects/src/Lesson/InstantMessaging/boot/logger.go:86	initialize logger successfully!
[2023-08-31 14:43:39.333]	INFO	D:/GoProjects/src/Lesson/InstantMessaging/boot/logger.go:86	initialize logger successfully!
[2023-08-31 14:45:40.126]	INFO	D:/GoProjects/src/Lesson/InstantMessaging/boot/logger.go:86	initialize logger successfully!
[2023-08-31 14:47:55.664]	INFO	D:/GoProjects/src/Lesson/InstantMessaging/boot/logger.go:86	initialize logger successfully!
[2023-08-31 14:49:30.381]	INFO	D:/GoProjects/src/Lesson/InstantMessaging/boot/logger.go:86	initialize logger successfully!
[2023-08-31 15:19:41.277]	INFO	D:/GoProjects/src/Lesson/InstantMessaging/boot/logger.go:86	initialize logger successfully!
[2023-08-31 15:44:12.920]	INFO	D:/GoProjects/src/Lesson/InstantMessaging/boot/logger.go:86	initialize logger successfully!
[2023-08-31 15:47:23.415]	INFO	D:/GoProjects/src/Lesson/InstantMessaging/boot/logger.go:86	initialize logger successfully!
[2023-08-31 15:49:39.827]	INFO	D:/GoProjects/src/Lesson/InstantMessaging/boot/logger.go:86	initialize logger successfully!
[2023-08-31 15:57:40.603]	INFO	D:/GoProjects/src/Lesson/InstantMessaging/boot/logger.go:86	initialize logger successfully!
[2023-08-31 16:06:30.905]	INFO	D:/GoProjects/src/Lesson/InstantMessaging/boot/logger.go:86	initialize logger successfully!
[2023-08-31 16:12:17.856]	INFO	D:/GoProjects/src/Lesson/InstantMessaging/boot/logger.go:86	initialize logger successfully!
[2023-08-31 16:24:33.070]	INFO	D:/GoProjects/src/Lesson/InstantMessaging/boot/logger.go:86	initialize logger successfully!
[2023-08-31 16:27:39.931]	INFO	D:/GoProjects/src/Lesson/InstantMessaging/boot/logger.go:86	initialize logger successfully!
[2023-08-31 16:29:28.044]	INFO	D:/GoProjects/src/Lesson/InstantMessaging/boot/logger.go:86	initialize logger successfully!
[2023-08-31 16:49:00.126]	INFO	D:/GoProjects/src/Lesson/InstantMessaging/boot/logger.go:86	initialize logger successfully!
[2023-08-31 16:50:19.511]	INFO	D:/GoProjects/src/Lesson/InstantMessaging/boot/logger.go:86	initialize logger successfully!
[2023-08-31 16:51:48.399]	INFO	D:/GoProjects/src/Lesson/InstantMessaging/boot/logger.go:86	initialize logger successfully!
[2023-08-31 16:52:54.227]	INFO	D:/GoProjects/src/Lesson/InstantMessaging/boot/logger.go:86	initialize logger successfully!
[2023-08-31 17:04:30.155]	INFO	D:/GoProjects/src/Lesson/InstantMessaging/boot/logger.go:86	initialize logger successfully!
[2023-08-31 17:24:40.394]	INFO	D:/GoProjects/src/Lesson/InstantMessaging/boot/logger.go:86	initialize logger successfully!
[2023-08-31 19:29:35.230]	INFO	D:/GoProjects/src/Lesson/InstantMessaging/boot/logger.go:86	initialize logger successfully!
[2023-08-31 19:34:42.577]	INFO	D:/GoProjects/src/Lesson/InstantMessaging/boot/logger.go:86	initialize logger successfully!
[2023-08-31 19:53:01.781]	INFO	D:/GoProjects/src/Lesson/InstantMessaging/boot/logger.go:86	initialize logger successfully!
[2023-08-31 20:01:17.552]	INFO	D:/GoProjects/src/Lesson/InstantMessaging/boot/logger.go:86	initialize logger successfully!
[2023-08-31 20:13:53.186]	INFO	D:/GoProjects/src/Lesson/InstantMessaging/boot/logger.go:86	initialize logger successfully!
[2023-08-31 20:26:50.451]	INFO	D:/GoProjects/src/Lesson/InstantMessaging/boot/logger.go:86	initialize logger successfully!
[2023-08-31 20:43:40.557]	INFO	D:/GoProjects/src/Lesson/InstantMessaging/boot/logger.go:86	initialize logger successfully!
[2023-08-31 20:44:31.050]	INFO	D:/GoProjects/src/Lesson/InstantMessaging/boot/logger.go:86	initialize logger successfully!
[2023-08-31 20:45:09.795]	INFO	D:/GoProjects/src/Lesson/InstantMessaging/boot/logger.go:86	initialize logger successfully!
[2023-08-31 20:46:38.935]	INFO	D:/GoProjects/src/Lesson/InstantMessaging/boot/logger.go:86	initialize logger successfully!
[2023-08-31 20:53:29.468]	INFO	D:/GoProjects/src/Lesson/InstantMessaging/boot/logger.go:86	initialize logger successfully!
[2023-08-31 20:54:28.303]	INFO	D:/GoProjects/src/Lesson/InstantMessaging/boot/logger.go:86	initialize logger successfully!
[2023-08-31 20:56:30.704]	INFO	D:/GoProjects/src/Lesson/InstantMessaging/boot/logger.go:86	initialize logger successfully!
[2023-08-31 21:02:35.558]	INFO	D:/GoProjects/src/Lesson/InstantMessaging/boot/logger.go:86	initialize logger successfully!
[2023-08-31 21:03:30.129]	INFO	D:/GoProjects/src/Lesson/InstantMessaging/boot/logger.go:86	initialize logger successfully!
[2023-08-31 21:04:09.854]	INFO	D:/GoProjects/src/Lesson/InstantMessaging/boot/logger.go:86	initialize logger successfully!
[2023-08-31 21:05:27.635]	INFO	D:/GoProjects/src/Lesson/InstantMessaging/boot/logger.go:86	initialize logger successfully!
[2023-08-31 21:08:41.391]	INFO	D:/GoProjects/src/Lesson/InstantMessaging/boot/logger.go:86	initialize logger successfully!
[2023-08-31 21:16:27.325]	INFO	D:/GoProjects/src/Lesson/InstantMessaging/boot/logger.go:86	initialize logger successfully!
[2023-08-31 22:27:49.624]	INFO	D:/GoProjects/src/Lesson/InstantMessaging/boot/logger.go:86	initialize logger successfully!
[2023-08-31 22:29:01.489]	INFO	D:/GoProjects/src/Lesson/InstantMessaging/boot/logger.go:86	initialize logger successfully!
[2023-08-31 22:40:53.700]	INFO	D:/GoProjects/src/Lesson/InstantMessaging/boot/logger.go:86	initialize logger successfully!
[2023-09-02 16:31:41.736]	INFO	D:/GoProjects/src/Lesson/InstantMessaging/boot/logger.go:86	initialize logger successfully!
[2023-09-02 16:34:52.567]	INFO	D:/GoProjects/src/Lesson/InstantMessaging/boot/logger.go:86	initialize logger successfully!
[2023-09-02 16:36:48.341]	INFO	D:/GoProjects/src/Lesson/InstantMessaging/boot/logger.go:86	initialize logger successfully!
[2023-09-02 16:40:52.646]	INFO	D:/GoProjects/src/Lesson/InstantMessaging/boot/logger.go:86	initialize logger successfully!
[2023-09-02 16:42:58.807]	INFO	D:/GoProjects/src/Lesson/InstantMessaging/boot/logger.go:86	initialize logger successfully!
[2023-09-02 16:47:36.075]	INFO	D:/GoProjects/src/Lesson/InstantMessaging/boot/logger.go:86	initialize logger successfully!
[2023-09-02 16:51:21.916]	INFO	D:/GoProjects/src/Lesson/InstantMessaging/boot/logger.go:86	initialize logger successfully!
[2023-09-02 16:54:09.319]	INFO	D:/GoProjects/src/Lesson/InstantMessaging/boot/logger.go:86	initialize logger successfully!
[2023-09-02 22:21:30.093]	INFO	D:/GoProjects/src/Lesson/InstantMessaging/boot/logger.go:86	initialize logger successfully!
[2023-09-02 22:21:58.246]	INFO	D:/GoProjects/src/Lesson/InstantMessaging/boot/logger.go:86	initialize logger successfully!
[2023-09-02 23:45:47.462]	INFO	D:/GoProjects/src/Lesson/InstantMessaging/boot/logger.go:86	initialize logger successfully!
[2023-09-02 23:54:48.401]	INFO	D:/GoProjects/src/Lesson/InstantMessaging/boot/logger.go:86	initialize logger successfully!
[2023-09-03 00:01:41.806]	INFO	D:/GoProjects/src/Lesson/InstantMessaging/boot/logger.go:86	initialize logger successfully!
[2023-09-03 00:02:58.565]	INFO	D:/GoProjects/src/Lesson/InstantMessaging/boot/logger.go:86	initialize logger successfully!
[2023-09-03 15:16:36.723]	INFO	D:/GoProjects/src/Lesson/InstantMessaging/boot/logger.go:86	initialize logger successfully!
[2023-09-03 15:57:46.202]	INFO	D:/GoProjects/src/Lesson/InstantMessaging/boot/logger.go:86	initialize logger successfully!
[2023-09-03 17:13:06.745]	INFO	D:/GoProjects/src/Lesson/InstantMessaging/boot/logger.go:86	initialize logger successfully!
[2023-09-05 12:21:20.899]	INFO	D:/GoProjects/src/Lesson/InstantMessaging/boot/logger.go:86	initialize logger successfully!
[2023-09-05 12:23:19.648]	INFO	D:/GoProjects/src/Lesson/InstantMessaging/boot/logger.go:86	initialize logger successfully!
[2023-09-05 12:24:39.913]	INFO	D:/GoProjects/src/Lesson/InstantMessaging/boot/logger.go:86	initialize logger successfully!
[2023-09-05 12:28:44.800]	INFO	D:/GoProjects/src/Lesson/InstantMessaging/boot/logger.go:86	initialize logger successfully!
[2023-09-05 13:25:00.380]	INFO	D:/GoProjects/src/Lesson/InstantMessaging/boot/logger.go:86	initialize logger successfully!
[2023-09-05 13:27:11.033]	INFO	D:/GoProjects/src/Lesson/InstantMessaging/boot/logger.go:86	initialize logger successfully!
[2023-09-05 13:31:38.021]	INFO	D:/GoProjects/src/Lesson/InstantMessaging/boot/logger.go:86	initialize logger successfully!
[2023-09-05 13:43:51.456]	INFO	D:/GoProjects/src/Lesson/InstantMessaging/boot/logger.go:86	initialize logger successfully!
[2023-09-05 14:05:34.978]	INFO	D:/GoProjects/src/Lesson/InstantMessaging/boot/logger.go:86	initialize logger successfully!
[2023-09-05 14:16:49.892]	INFO	D:/GoProjects/src/Lesson/InstantMessaging/boot/logger.go:86	initialize logger successfully!
[2023-09-05 14:33:04.813]	INFO	D:/GoProjects/src/Lesson/InstantMessaging/boot/logger.go:86	initialize logger successfully!
[2023-09-05 14:36:00.295]	INFO	D:/GoProjects/src/Lesson/InstantMessaging/boot/logger.go:86	initialize logger successfully!
[2023-09-05 14:38:19.189]	INFO	D:/GoProjects/src/Lesson/InstantMessaging/boot/logger.go:86	initialize logger successfully!
[2023-09-05 14:51:48.664]	INFO	D:/GoProjects/src/Lesson/InstantMessaging/boot/logger.go:86	initialize logger successfully!
[2023-09-05 23:00:29.423]	INFO	D:/GoProjects/src/Lesson/InstantMessaging/boot/logger.go:86	initialize logger successfully!
[2023-09-05 23:07:40.191]	INFO	D:/GoProjects/src/Lesson/InstantMessaging/boot/logger.go:86	initialize logger successfully!
[2023-09-06 14:12:36.843]	INFO	D:/GoProjects/src/Lesson/InstantMessaging/boot/logger.go:86	initialize logger successfully!
[2023-09-06 14:18:58.679]	INFO	D:/GoProjects/src/Lesson/InstantMessaging/boot/logger.go:86	initialize logger successfully!
[2023-09-06 14:28:44.874]	INFO	D:/GoProjects/src/Lesson/InstantMessaging/boot/logger.go:86	initialize logger successfully!
[2023-09-06 14:32:27.955]	INFO	D:/GoProjects/src/Lesson/InstantMessaging/boot/logger.go:86	initialize logger successfully!
[2023-09-06 14:41:21.114]	INFO	D:/GoProjects/src/Lesson/InstantMessaging/boot/logger.go:86	initialize logger successfully!
[2023-09-06 14:48:02.974]	INFO	D:/GoProjects/src/Lesson/InstantMessaging/boot/logger.go:86	initialize logger successfully!
[2023-09-06 14:57:06.082]	INFO	D:/GoProjects/src/Lesson/InstantMessaging/boot/logger.go:86	initialize logger successfully!
[2023-09-06 15:29:25.837]	INFO	D:/GoProjects/src/Lesson/InstantMessaging/boot/logger.go:86	initialize logger successfully!
[2023-09-06 15:31:06.804]	INFO	D:/GoProjects/src/Lesson/InstantMessaging/boot/logger.go:86	initialize logger successfully!
[2023-09-06 15:39:13.345]	INFO	D:/GoProjects/src/Lesson/InstantMessaging/boot/logger.go:86	initialize logger successfully!
[2023-09-06 16:05:22.256]	INFO	D:/GoProjects/src/Lesson/InstantMessaging/boot/logger.go:86	initialize logger successfully!
[2023-09-06 17:40:53.918]	INFO	D:/GoProjects/src/Lesson/InstantMessaging/boot/logger.go:86	initialize logger successfully!
[2023-09-06 17:46:30.195]	INFO	D:/GoProjects/src/Lesson/InstantMessaging/boot/logger.go:86	initialize logger successfully!
[2023-09-06 21:21:41.602]	INFO	D:/GoProjects/src/Lesson/InstantMessaging/boot/logger.go:86	initialize logger successfully!
[2023-09-06 21:26:21.060]	INFO	D:/GoProjects/src/Lesson/InstantMessaging/boot/logger.go:86	initialize logger successfully!
[2023-09-06 22:02:02.188]	INFO	D:/GoProjects/src/Lesson/InstantMessaging/boot/logger.go:86	initialize logger successfully!
[2023-09-07 23:56:31.578]	INFO	D:/GoProjects/src/Lesson/InstantMessaging/boot/logger.go:86	initialize logger successfully!
[2023-09-08 00:05:03.246]	INFO	D:/GoProjects/src/Lesson/InstantMessaging/boot/logger.go:86	initialize logger successfully!
[2023-09-08 14:18:18.110]	INFO	D:/GoProjects/src/Lesson/InstantMessaging/boot/logger.go:86	initialize logger successfully!
[2023-09-08 14:36:18.348]	INFO	D:/GoProjects/src/Lesson/InstantMessaging/boot/logger.go:86	initialize logger successfully!
[2023-09-08 14:46:23.505]	INFO	D:/GoProjects/src/Lesson/InstantMessaging/boot/logger.go:86	initialize logger successfully!
[2023-09-08 15:28:23.114]	INFO	D:/GoProjects/src/Lesson/InstantMessaging/boot/logger.go:86	initialize logger successfully!
[2023-09-08 22:45:34.038]	INFO	D:/GoProjects/src/Lesson/InstantMessaging/boot/logger.go:86	initialize logger successfully!
[2023-09-08 23:01:34.552]	INFO	D:/GoProjects/src/Lesson/InstantMessaging/boot/logger.go:86	initialize logger successfully!
[2023-09-08 23:19:28.451]	INFO	D:/GoProjects/src/Lesson/InstantMessaging/boot/logger.go:86	initialize logger successfully!
[2023-09-08 23:27:15.254]	INFO	D:/GoProjects/src/Lesson/InstantMessaging/boot/logger.go:86	initialize logger successfully!
[2023-09-08 23:49:41.343]	INFO	D:/GoProjects/src/Lesson/InstantMessaging/boot/logger.go:86	initialize logger successfully!
[2023-09-09 00:06:21.426]	INFO	D:/GoProjects/src/Lesson/InstantMessaging/boot/logger.go:86	initialize logger successfully!
[2023-09-09 00:10:54.626]	INFO	D:/GoProjects/src/Lesson/InstantMessaging/boot/logger.go:86	initialize logger successfully!
[2023-09-09 00:16:47.849]	INFO	D:/GoProjects/src/Lesson/InstantMessaging/boot/logger.go:86	initialize logger successfully!
[2023-09-09 23:18:06.626]	INFO	D:/GoProjects/src/Lesson/InstantMessaging/boot/logger.go:86	initialize logger successfully!
[2023-09-09 23:24:59.544]	INFO	D:/GoProjects/src/Lesson/InstantMessaging/boot/logger.go:86	initialize logger successfully!
[2023-09-09 23:58:00.012]	INFO	D:/GoProjects/src/Lesson/InstantMessaging/boot/logger.go:86	initialize logger successfully!
[2023-09-09 23:59:19.220]	INFO	D:/GoProjects/src/Lesson/InstantMessaging/boot/logger.go:86	initialize logger successfully!
[2023-09-10 00:04:17.125]	INFO	D:/GoProjects/src/Lesson/InstantMessaging/boot/logger.go:86	initialize logger successfully!
[2023-09-10 00:04:41.714]	INFO	D:/GoProjects/src/Lesson/InstantMessaging/boot/logger.go:86	initialize logger successfully!
[2023-09-10 00:06:05.287]	INFO	D:/GoProjects/src/Lesson/InstantMessaging/boot/logger.go:86	initialize logger successfully!
[2023-09-10 00:20:59.997]	INFO	D:/GoProjects/src/Lesson/InstantMessaging/boot/logger.go:86	initialize logger successfully!
[2023-09-10 00:23:15.094]	INFO	D:/GoProjects/src/Lesson/InstantMessaging/boot/logger.go:86	initialize logger successfully!
[2023-09-10 00:29:13.855]	INFO	D:/GoProjects/src/Lesson/InstantMessaging/boot/logger.go:86	initialize logger successfully!
[2023-09-10 00:30:42.835]	INFO	D:/GoProjects/src/Lesson/InstantMessaging/boot/logger.go:86	initialize logger successfully!
[2023-09-10 17:46:23.556]	INFO	D:/GoProjects/src/Lesson/InstantMessaging/boot/logger.go:86	initialize logger successfully!
[2023-09-10 18:13:03.661]	INFO	D:/GoProjects/src/Lesson/InstantMessaging/boot/logger.go:86	initialize logger successfully!
[2023-09-10 19:38:42.300]	INFO	D:/GoProjects/src/Lesson/InstantMessaging/boot/logger.go:86	initialize logger successfully!
[2023-09-10 20:39:26.724]	INFO	D:/GoProjects/src/Lesson/InstantMessaging/boot/logger.go:86	initialize logger successfully!
[2023-09-10 20:47:30.852]	INFO	D:/GoProjects/src/Lesson/InstantMessaging/boot/logger.go:86	initialize logger successfully!
[2023-09-10 20:50:54.907]	INFO	D:/GoProjects/src/Lesson/InstantMessaging/boot/logger.go:86	initialize logger successfully!
[2023-09-10 21:14:16.669]	INFO	D:/GoProjects/src/Lesson/InstantMessaging/boot/logger.go:86	initialize logger successfully!
[2023-09-11 22:50:08.526]	INFO	D:/GoProjects/src/Lesson/InstantMessaging/boot/logger.go:86	initialize logger successfully!
[2023-09-13 21:34:06.423]	INFO	D:/GoProjects/src/Lesson/InstantMessaging/boot/logger.go:86	initialize logger successfully!
[2023-09-13 21:35:49.156]	INFO	D:/GoProjects/src/Lesson/InstantMessaging/boot/logger.go:86	initialize logger successfully!
[2023-09-13 21:48:21.161]	INFO	D:/GoProjects/src/Lesson/InstantMessaging/boot/logger.go:86	initialize logger successfully!
[2023-09-13 21:52:33.001]	INFO	D:/GoProjects/src/Lesson/InstantMessaging/boot/logger.go:86	initialize logger successfully!
[2023-09-13 21:55:52.307]	INFO	D:/GoProjects/src/Lesson/InstantMessaging/boot/logger.go:86	initialize logger successfully!
[2023-09-13 21:57:36.336]	INFO	D:/GoProjects/src/Lesson/InstantMessaging/boot/logger.go:86	initialize logger successfully!
[2023-09-13 22:18:40.604]	INFO	D:/GoProjects/src/Lesson/InstantMessaging/boot/logger.go:86	initialize logger successfully!
[2023-09-13 22:40:20.147]	INFO	D:/GoProjects/src/Lesson/InstantMessaging/boot/logger.go:86	initialize logger successfully!
[2023-09-13 22:47:52.127]	INFO	D:/GoProjects/src/Lesson/InstantMessaging/boot/logger.go:86	initialize logger successfully!
[2023-09-13 23:16:34.132]	INFO	D:/GoProjects/src/Lesson/InstantMessaging/boot/logger.go:86	initialize logger successfully!
[2023-09-13 23:31:34.846]	INFO	D:/GoProjects/src/Lesson/InstantMessaging/boot/logger.go:86	initialize logger successfully!
[2023-09-13 23:34:27.368]	INFO	D:/GoProjects/src/Lesson/InstantMessaging/boot/logger.go:86	initialize logger successfully!
[2023-09-13 23:36:25.770]	INFO	D:/GoProjects/src/Lesson/InstantMessaging/boot/logger.go:86	initialize logger successfully!
[2023-09-14 00:13:32.127]	INFO	D:/GoProjects/src/Lesson/InstantMessaging/end/boot/logger.go:86	initialize logger successfully!
[2023-09-14 00:18:27.253]	INFO	D:/GoProjects/src/Lesson/InstantMessaging/end/boot/logger.go:86	initialize logger successfully!
[2023-09-14 00:21:14.257]	INFO	D:/GoProjects/src/Lesson/InstantMessaging/end/boot/logger.go:86	initialize logger successfully!
[2023-09-14 00:28:35.651]	INFO	D:/GoProjects/src/Lesson/InstantMessaging/end/boot/logger.go:86	initialize logger successfully!
[2023-09-14 00:29:54.838]	INFO	D:/GoProjects/src/Lesson/InstantMessaging/end/boot/logger.go:86	initialize logger successfully!
[2023-09-14 00:30:51.149]	INFO	D:/GoProjects/src/Lesson/InstantMessaging/end/boot/logger.go:86	initialize logger successfully!
[2023-09-14 00:33:52.502]	INFO	D:/GoProjects/src/Lesson/InstantMessaging/end/boot/logger.go:86	initialize logger successfully!
[2023-09-14 00:35:45.370]	INFO	D:/GoProjects/src/Lesson/InstantMessaging/end/boot/logger.go:86	initialize logger successfully!
[2023-09-14 00:37:59.042]	INFO	D:/GoProjects/src/Lesson/InstantMessaging/end/boot/logger.go:86	initialize logger successfully!
[2023-09-14 00:41:44.831]	INFO	D:/GoProjects/src/Lesson/InstantMessaging/end/boot/logger.go:86	initialize logger successfully!
[2023-09-14 00:44:56.989]	INFO	D:/GoProjects/src/Lesson/InstantMessaging/end/boot/logger.go:86	initialize logger successfully!
[2023-09-14 00:46:47.205]	INFO	D:/GoProjects/src/Lesson/InstantMessaging/end/boot/logger.go:86	initialize logger successfully!
[2023-09-14 00:52:02.314]	INFO	D:/GoProjects/src/Lesson/InstantMessaging/end/boot/logger.go:86	initialize logger successfully!
[2023-09-14 00:53:27.987]	INFO	D:/GoProjects/src/Lesson/InstantMessaging/end/boot/logger.go:86	initialize logger successfully!
[2023-09-14 11:43:14.932]	INFO	D:/GoProjects/src/Lesson/InstantMessaging/end/boot/logger.go:86	initialize logger successfully!
[2023-09-14 11:45:43.345]	INFO	D:/GoProjects/src/Lesson/InstantMessaging/end/boot/logger.go:86	initialize logger successfully!
[2023-09-14 11:46:34.571]	INFO	D:/GoProjects/src/Lesson/InstantMessaging/end/boot/logger.go:86	initialize logger successfully!
[2023-09-14 11:47:46.417]	INFO	D:/GoProjects/src/Lesson/InstantMessaging/end/boot/logger.go:86	initialize logger successfully!
[2023-09-14 11:50:51.845]	INFO	D:/GoProjects/src/Lesson/InstantMessaging/end/boot/logger.go:86	initialize logger successfully!
[2023-09-14 11:59:59.706]	INFO	D:/GoProjects/src/Lesson/InstantMessaging/end/boot/logger.go:86	initialize logger successfully!
[2023-09-14 12:04:25.334]	INFO	D:/GoProjects/src/Lesson/InstantMessaging/end/boot/logger.go:86	initialize logger successfully!
[2023-09-14 12:13:28.574]	INFO	D:/GoProjects/src/Lesson/InstantMessaging/end/boot/logger.go:86	initialize logger successfully!
[2023-09-14 12:15:51.882]	INFO	D:/GoProjects/src/Lesson/InstantMessaging/end/boot/logger.go:86	initialize logger successfully!
[2023-09-14 12:20:44.120]	INFO	D:/GoProjects/src/Lesson/InstantMessaging/end/boot/logger.go:86	initialize logger successfully!
[2023-09-14 20:38:11.602]	INFO	D:/GoProjects/src/Lesson/InstantMessaging/end/boot/logger.go:86	initialize logger successfully!
[2023-09-14 20:38:11.760]	INFO	D:/GoProjects/src/Lesson/InstantMessaging/end/app/router/router.go:51	initialize routers successfully
[2023-09-14 20:38:11.760]	INFO	D:/GoProjects/src/Lesson/InstantMessaging/end/boot/serve.go:26	server running on localhost:8080 ...
[2023-09-14 21:08:42.261]	INFO	D:/GoProjects/src/Lesson/InstantMessaging/end/boot/logger.go:86	initialize logger successfully!
[2023-09-14 21:08:42.325]	INFO	D:/GoProjects/src/Lesson/InstantMessaging/end/app/router/router.go:51	initialize routers successfully
[2023-09-14 21:08:42.326]	INFO	D:/GoProjects/src/Lesson/InstantMessaging/end/boot/serve.go:26	server running on localhost:8080 ...
[2023-09-14 22:31:29.607]	INFO	D:/GoProjects/src/Lesson/InstantMessaging/end/boot/logger.go:86	initialize logger successfully!
[2023-09-14 22:31:29.656]	INFO	D:/GoProjects/src/Lesson/InstantMessaging/end/app/router/router.go:51	initialize routers successfully
[2023-09-14 22:31:29.656]	INFO	D:/GoProjects/src/Lesson/InstantMessaging/end/boot/serve.go:26	server running on localhost:8080 ...
[2023-09-14 22:40:24.273]	INFO	D:/GoProjects/src/Lesson/InstantMessaging/end/boot/logger.go:86	initialize logger successfully!
[2023-09-14 22:40:24.317]	INFO	D:/GoProjects/src/Lesson/InstantMessaging/end/app/router/router.go:51	initialize routers successfully
[2023-09-14 22:40:24.317]	INFO	D:/GoProjects/src/Lesson/InstantMessaging/end/boot/serve.go:26	server running on localhost:8080 ...
[2023-09-14 22:44:29.887]	INFO	D:/GoProjects/src/Lesson/InstantMessaging/end/boot/logger.go:86	initialize logger successfully!
[2023-09-14 22:44:29.931]	INFO	D:/GoProjects/src/Lesson/InstantMessaging/end/app/router/router.go:51	initialize routers successfully
[2023-09-14 22:44:29.931]	INFO	D:/GoProjects/src/Lesson/InstantMessaging/end/boot/serve.go:26	server running on localhost:8080 ...
[2023-09-14 22:59:37.816]	INFO	D:/GoProjects/src/Lesson/InstantMessaging/end/boot/logger.go:86	initialize logger successfully!
[2023-09-14 22:59:37.860]	INFO	D:/GoProjects/src/Lesson/InstantMessaging/end/app/router/router.go:51	initialize routers successfully
[2023-09-14 22:59:37.861]	INFO	D:/GoProjects/src/Lesson/InstantMessaging/end/boot/serve.go:26	server running on localhost:8080 ...
[2023-09-14 23:00:31.509]	INFO	D:/GoProjects/src/Lesson/InstantMessaging/end/boot/logger.go:86	initialize logger successfully!
[2023-09-14 23:00:31.553]	INFO	D:/GoProjects/src/Lesson/InstantMessaging/end/app/router/router.go:51	initialize routers successfully
[2023-09-14 23:00:31.553]	INFO	D:/GoProjects/src/Lesson/InstantMessaging/end/boot/serve.go:26	server running on localhost:8080 ...
[2023-09-14 23:11:53.091]	INFO	D:/GoProjects/src/Lesson/InstantMessaging/end/boot/logger.go:86	initialize logger successfully!
[2023-09-14 23:11:53.134]	INFO	D:/GoProjects/src/Lesson/InstantMessaging/end/app/router/router.go:51	initialize routers successfully
[2023-09-14 23:11:53.134]	INFO	D:/GoProjects/src/Lesson/InstantMessaging/end/boot/serve.go:26	server running on localhost:8080 ...
[2023-09-14 23:27:36.809]	INFO	D:/GoProjects/src/Lesson/InstantMessaging/end/boot/logger.go:86	initialize logger successfully!
[2023-09-14 23:27:36.857]	INFO	D:/GoProjects/src/Lesson/InstantMessaging/end/app/router/router.go:51	initialize routers successfully
[2023-09-14 23:27:36.857]	INFO	D:/GoProjects/src/Lesson/InstantMessaging/end/boot/serve.go:26	server running on localhost:8080 ...
[2023-09-15 07:56:31.145]	INFO	D:/GoProjects/src/Lesson/InstantMessaging/end/boot/logger.go:86	initialize logger successfully!
[2023-09-15 07:56:31.222]	INFO	D:/GoProjects/src/Lesson/InstantMessaging/end/app/router/router.go:51	initialize routers successfully
[2023-09-15 07:56:31.222]	INFO	D:/GoProjects/src/Lesson/InstantMessaging/end/boot/serve.go:26	server running on localhost:8080 ...
[2023-09-15 08:01:00.060]	INFO	D:/GoProjects/src/Lesson/InstantMessaging/end/boot/logger.go:86	initialize logger successfully!
[2023-09-15 08:01:00.154]	INFO	D:/GoProjects/src/Lesson/InstantMessaging/end/app/router/router.go:51	initialize routers successfully
[2023-09-15 08:01:00.155]	INFO	D:/GoProjects/src/Lesson/InstantMessaging/end/boot/serve.go:26	server running on localhost:8080 ...
[2023-09-15 20:02:46.557]	INFO	D:/GoProjects/src/Lesson/InstantMessaging/end/boot/logger.go:86	initialize logger successfully!
[2023-09-15 20:02:46.641]	INFO	D:/GoProjects/src/Lesson/InstantMessaging/end/app/router/router.go:51	initialize routers successfully
[2023-09-15 20:02:46.642]	INFO	D:/GoProjects/src/Lesson/InstantMessaging/end/boot/serve.go:26	server running on localhost:8080 ...
[2023-09-15 20:07:45.684]	INFO	D:/GoProjects/src/Lesson/InstantMessaging/end/boot/logger.go:86	initialize logger successfully!
[2023-09-15 20:07:45.784]	INFO	D:/GoProjects/src/Lesson/InstantMessaging/end/app/router/router.go:51	initialize routers successfully
[2023-09-15 20:07:45.784]	INFO	D:/GoProjects/src/Lesson/InstantMessaging/end/boot/serve.go:26	server running on localhost:8080 ...
[2023-09-15 20:10:13.677]	INFO	D:/GoProjects/src/Lesson/InstantMessaging/end/boot/logger.go:86	initialize logger successfully!
[2023-09-15 20:10:13.751]	INFO	D:/GoProjects/src/Lesson/InstantMessaging/end/app/router/router.go:51	initialize routers successfully
[2023-09-15 20:10:13.752]	INFO	D:/GoProjects/src/Lesson/InstantMessaging/end/boot/serve.go:26	server running on localhost:8080 ...
[2023-09-15 20:29:38.625]	INFO	D:/GoProjects/src/Lesson/InstantMessaging/end/boot/logger.go:86	initialize logger successfully!
[2023-09-15 20:29:38.709]	INFO	D:/GoProjects/src/Lesson/InstantMessaging/end/app/router/router.go:51	initialize routers successfully
[2023-09-15 20:29:38.710]	INFO	D:/GoProjects/src/Lesson/InstantMessaging/end/boot/serve.go:26	server running on localhost:8080 ...
[2023-09-15 20:41:20.539]	INFO	D:/GoProjects/src/Lesson/InstantMessaging/end/boot/logger.go:86	initialize logger successfully!
[2023-09-15 20:41:20.614]	INFO	D:/GoProjects/src/Lesson/InstantMessaging/end/app/router/router.go:51	initialize routers successfully
[2023-09-15 20:41:20.614]	INFO	D:/GoProjects/src/Lesson/InstantMessaging/end/boot/serve.go:26	server running on localhost:8080 ...
[2023-09-15 21:51:43.128]	INFO	D:/GoProjects/src/Lesson/InstantMessaging/end/boot/logger.go:86	initialize logger successfully!
[2023-09-15 21:52:22.317]	INFO	D:/GoProjects/src/Lesson/InstantMessaging/end/boot/logger.go:86	initialize logger successfully!
[2023-09-15 21:52:22.399]	INFO	D:/GoProjects/src/Lesson/InstantMessaging/end/app/router/router.go:51	initialize routers successfully
[2023-09-15 21:52:22.399]	INFO	D:/GoProjects/src/Lesson/InstantMessaging/end/boot/server.go:26	server running on localhost:8080 ...
